[13:04:48] [Server thread/INFO]: Starting minecraft server version 1.11.2
[13:04:48] [Server thread/INFO]: Loading properties
[13:04:48] [Server thread/INFO]: Default game type: CREATIVE
[13:04:49] [Server thread/INFO]: This server is running CraftBukkit version git-Spigot-6de2fbc-c1aa859 (MC: 1.11.2) (Implementing API version 1.11.2-R0.1-SNAPSHOT)
[13:04:49] [Server thread/INFO]: Debug logging is disabled
[13:04:49] [Server thread/INFO]: Using 4 threads for Netty based IO
[13:04:49] [Server thread/INFO]: Server Ping Player Sample Count: 12
[13:04:49] [Server thread/INFO]: Generating keypair
[13:04:49] [Server thread/INFO]: Starting Minecraft server on *:25565
[13:04:49] [Server thread/INFO]: Using default channel type
[13:04:49] [Server thread/INFO]: Set PluginClassLoader as parallel capable
[13:04:50] [Server thread/INFO]: [SetSpawn] Loading SetSpawn v2.1
[13:04:50] [Server thread/INFO]: [RaspberryJuice] Loading RaspberryJuice v1.7
[13:04:50] [Server thread/WARN]: **** SERVER IS RUNNING IN OFFLINE/INSECURE MODE!
[13:04:50] [Server thread/WARN]: The server will make no attempt to authenticate usernames. Beware.
[13:04:50] [Server thread/WARN]: While this makes the game possible to play without internet access, it also opens up the ability for hackers to connect with any username they choose.
[13:04:50] [Server thread/WARN]: To change this, set "online-mode" to "true" in the server.properties file.
[13:04:50] [Server thread/INFO]: **** Beginning UUID conversion, this may take A LONG time ****
[13:04:50] [Server thread/INFO]: Preparing level "world"
[13:04:50] [Server thread/INFO]: -------- World Settings For [world] --------
[13:04:50] [Server thread/INFO]: Nerfing mobs spawned from spawners: false
[13:04:50] [Server thread/INFO]: Arrow Despawn Rate: 1200
[13:04:50] [Server thread/INFO]: Item Merge Radius: 2.5
[13:04:50] [Server thread/INFO]: Item Despawn Rate: 6000
[13:04:50] [Server thread/INFO]: Allow Zombie Pigmen to spawn from portal blocks: true
[13:04:50] [Server thread/INFO]: View Distance: 10
[13:04:50] [Server thread/INFO]: Experience Merge Radius: 3.0
[13:04:50] [Server thread/INFO]: Zombie Aggressive Towards Villager: true
[13:04:50] [Server thread/INFO]: Cactus Growth Modifier: 100%
[13:04:50] [Server thread/INFO]: Cane Growth Modifier: 100%
[13:04:50] [Server thread/INFO]: Melon Growth Modifier: 100%
[13:04:50] [Server thread/INFO]: Mushroom Growth Modifier: 100%
[13:04:50] [Server thread/INFO]: Pumpkin Growth Modifier: 100%
[13:04:50] [Server thread/INFO]: Sapling Growth Modifier: 100%
[13:04:50] [Server thread/INFO]: Wheat Growth Modifier: 100%
[13:04:50] [Server thread/INFO]: NetherWart Growth Modifier: 100%
[13:04:50] [Server thread/INFO]: Vine Growth Modifier: 100%
[13:04:50] [Server thread/INFO]: Cocoa Growth Modifier: 100%
[13:04:50] [Server thread/INFO]: Mob Spawn Range: 4
[13:04:50] [Server thread/INFO]: Entity Activation Range: An 32 / Mo 32 / Mi 16
[13:04:50] [Server thread/INFO]: Hopper Transfer: 8 Hopper Check: 8 Hopper Amount: 1
[13:04:50] [Server thread/INFO]: Structure Info Saving: true
[13:04:50] [Server thread/INFO]: Max TNT Explosions: 100
[13:04:50] [Server thread/INFO]: Random Lighting Updates: false
[13:04:50] [Server thread/INFO]: Tile Max Tick Time: 50ms Entity max Tick Time: 50ms
[13:04:50] [Server thread/INFO]: Entity Tracking Range: Pl 48 / An 48 / Mo 48 / Mi 32 / Other 64
[13:04:50] [Server thread/INFO]: Custom Map Seeds:  Village: 10387312 Feature: 14357617Monument: 10387313 Slime: 987234911
[13:04:50] [Server thread/INFO]: -------- World Settings For [world_nether] --------
[13:04:50] [Server thread/INFO]: Nerfing mobs spawned from spawners: false
[13:04:50] [Server thread/INFO]: Arrow Despawn Rate: 1200
[13:04:50] [Server thread/INFO]: Item Merge Radius: 2.5
[13:04:50] [Server thread/INFO]: Item Despawn Rate: 6000
[13:04:50] [Server thread/INFO]: Allow Zombie Pigmen to spawn from portal blocks: true
[13:04:50] [Server thread/INFO]: View Distance: 10
[13:04:50] [Server thread/INFO]: Experience Merge Radius: 3.0
[13:04:50] [Server thread/INFO]: Zombie Aggressive Towards Villager: true
[13:04:50] [Server thread/INFO]: Cactus Growth Modifier: 100%
[13:04:50] [Server thread/INFO]: Cane Growth Modifier: 100%
[13:04:50] [Server thread/INFO]: Melon Growth Modifier: 100%
[13:04:50] [Server thread/INFO]: Mushroom Growth Modifier: 100%
[13:04:50] [Server thread/INFO]: Pumpkin Growth Modifier: 100%
[13:04:50] [Server thread/INFO]: Sapling Growth Modifier: 100%
[13:04:50] [Server thread/INFO]: Wheat Growth Modifier: 100%
[13:04:50] [Server thread/INFO]: NetherWart Growth Modifier: 100%
[13:04:50] [Server thread/INFO]: Vine Growth Modifier: 100%
[13:04:50] [Server thread/INFO]: Cocoa Growth Modifier: 100%
[13:04:50] [Server thread/INFO]: Mob Spawn Range: 4
[13:04:50] [Server thread/INFO]: Entity Activation Range: An 32 / Mo 32 / Mi 16
[13:04:50] [Server thread/INFO]: Hopper Transfer: 8 Hopper Check: 8 Hopper Amount: 1
[13:04:50] [Server thread/INFO]: Structure Info Saving: true
[13:04:50] [Server thread/INFO]: Max TNT Explosions: 100
[13:04:50] [Server thread/INFO]: Random Lighting Updates: false
[13:04:50] [Server thread/INFO]: Tile Max Tick Time: 50ms Entity max Tick Time: 50ms
[13:04:50] [Server thread/INFO]: Entity Tracking Range: Pl 48 / An 48 / Mo 48 / Mi 32 / Other 64
[13:04:50] [Server thread/INFO]: Custom Map Seeds:  Village: 10387312 Feature: 14357617Monument: 10387313 Slime: 987234911
[13:04:50] [Server thread/INFO]: -------- World Settings For [world_the_end] --------
[13:04:50] [Server thread/INFO]: Nerfing mobs spawned from spawners: false
[13:04:50] [Server thread/INFO]: Arrow Despawn Rate: 1200
[13:04:50] [Server thread/INFO]: Item Merge Radius: 2.5
[13:04:50] [Server thread/INFO]: Item Despawn Rate: 6000
[13:04:50] [Server thread/INFO]: Allow Zombie Pigmen to spawn from portal blocks: true
[13:04:50] [Server thread/INFO]: View Distance: 10
[13:04:50] [Server thread/INFO]: Experience Merge Radius: 3.0
[13:04:50] [Server thread/INFO]: Zombie Aggressive Towards Villager: true
[13:04:50] [Server thread/INFO]: Cactus Growth Modifier: 100%
[13:04:50] [Server thread/INFO]: Cane Growth Modifier: 100%
[13:04:50] [Server thread/INFO]: Melon Growth Modifier: 100%
[13:04:50] [Server thread/INFO]: Mushroom Growth Modifier: 100%
[13:04:50] [Server thread/INFO]: Pumpkin Growth Modifier: 100%
[13:04:50] [Server thread/INFO]: Sapling Growth Modifier: 100%
[13:04:50] [Server thread/INFO]: Wheat Growth Modifier: 100%
[13:04:50] [Server thread/INFO]: NetherWart Growth Modifier: 100%
[13:04:50] [Server thread/INFO]: Vine Growth Modifier: 100%
[13:04:50] [Server thread/INFO]: Cocoa Growth Modifier: 100%
[13:04:50] [Server thread/INFO]: Mob Spawn Range: 4
[13:04:50] [Server thread/INFO]: Entity Activation Range: An 32 / Mo 32 / Mi 16
[13:04:50] [Server thread/INFO]: Hopper Transfer: 8 Hopper Check: 8 Hopper Amount: 1
[13:04:50] [Server thread/INFO]: Structure Info Saving: true
[13:04:50] [Server thread/INFO]: Max TNT Explosions: 100
[13:04:50] [Server thread/INFO]: Random Lighting Updates: false
[13:04:50] [Server thread/INFO]: Tile Max Tick Time: 50ms Entity max Tick Time: 50ms
[13:04:50] [Server thread/INFO]: Entity Tracking Range: Pl 48 / An 48 / Mo 48 / Mi 32 / Other 64
[13:04:50] [Server thread/INFO]: Custom Map Seeds:  Village: 10387312 Feature: 14357617Monument: 10387313 Slime: 987234911
[13:04:50] [Server thread/INFO]: Preparing start region for level 0 (Seed: -6719839413402385451)
[13:04:51] [Server thread/INFO]: Preparing spawn area: 67%
[13:04:51] [Server thread/INFO]: Preparing start region for level 1 (Seed: -6719839413402385451)
[13:04:52] [Server thread/INFO]: Preparing start region for level 2 (Seed: -6719839413402385451)
[13:04:52] [Server thread/INFO]: [SetSpawn] Enabling SetSpawn v2.1
[13:04:52] [Server thread/INFO]: [RaspberryJuice] Enabling RaspberryJuice v1.7
[13:04:52] [Server thread/INFO]: [RaspberryJuice] ThreadListener Started
[13:04:52] [Server thread/INFO]: Server permissions file permissions.yml is empty, ignoring it
[13:04:52] [Server thread/INFO]: Done (2.672s)! For help, type "help" or "?"
[13:14:02] [User Authenticator #1/INFO]: UUID of player piece0f is 92014774-010d-3d23-94a0-a664e1c168e9
[13:14:02] [Server thread/INFO]: piece0f[/127.0.0.1:64269] logged in with entity id 233 at ([world]-74.23670936223634, 42.0, -317.51721646080387)
[13:14:34] [Thread-10/INFO]: [RaspberryJuice] Starting input thread
[13:14:34] [Thread-9/INFO]: [RaspberryJuice] Opened connection to/127.0.0.1:64289.
[13:14:34] [Thread-11/INFO]: [RaspberryJuice] Starting output thread!
[13:14:34] [Server thread/INFO]: [RaspberryJuice] Closed connection to/127.0.0.1:64289.
